<?xml version="1.0" encoding="UTF-8" ?>
<testsuite failures="0" time="0.016" errors="5" skipped="0" tests="5" name="es.upm.fi.dia.oeg.r2r.test.R2RProcessorTest">
  <properties>
    <property name="java.runtime.name" value="Java(TM) SE Runtime Environment"/>
    <property name="sun.boot.library.path" value="C:\Program Files (x86)\Java\jdk1.6.0_20\jre\bin"/>
    <property name="java.vm.version" value="16.3-b01"/>
    <property name="java.vm.vendor" value="Sun Microsystems Inc."/>
    <property name="java.vendor.url" value="http://java.sun.com/"/>
    <property name="path.separator" value=";"/>
    <property name="java.vm.name" value="Java HotSpot(TM) Client VM"/>
    <property name="file.encoding.pkg" value="sun.io"/>
    <property name="user.country" value="CH"/>
    <property name="sun.java.launcher" value="SUN_STANDARD"/>
    <property name="sun.os.patch.level" value=""/>
    <property name="java.vm.specification.name" value="Java Virtual Machine Specification"/>
    <property name="user.dir" value="C:\Users\jpc\workspace\r2r"/>
    <property name="java.runtime.version" value="1.6.0_20-b02"/>
    <property name="java.awt.graphicsenv" value="sun.awt.Win32GraphicsEnvironment"/>
    <property name="basedir" value="C:\Users\jpc\workspace\r2r"/>
    <property name="java.endorsed.dirs" value="C:\Program Files (x86)\Java\jdk1.6.0_20\jre\lib\endorsed"/>
    <property name="os.arch" value="x86"/>
    <property name="surefire.real.class.path" value="C:\Users\jpc\AppData\Local\Temp\surefirebooter8352900509751357504.jar"/>
    <property name="java.io.tmpdir" value="C:\Users\jpc\AppData\Local\Temp\"/>
    <property name="line.separator" value="
"/>
    <property name="java.vm.specification.vendor" value="Sun Microsystems Inc."/>
    <property name="user.variant" value=""/>
    <property name="os.name" value="Windows 7"/>
    <property name="sun.jnu.encoding" value="Cp1252"/>
    <property name="java.library.path" value="C:\Program Files (x86)\Java\jdk1.6.0_20\jre\bin;.;C:\Windows\Sun\Java\bin;C:\Windows\system32;C:\Windows;C:\Program Files (x86)\MiKTeX 2.8\miktex\bin;C:\Windows\system32;C:\Windows;C:\Windows\System32\Wbem;C:\Windows\System32\WindowsPowerShell\v1.0\;C:\Program Files\Dell\Dell Wireless WLAN Card;c:\Program Files (x86)\ATI Technologies\ATI.ACE\Core-Static;c:\Program Files\WIDCOMM\Bluetooth Software\;c:\Program Files\WIDCOMM\Bluetooth Software\syswow64;c:\Program Files (x86)\Common Files\Roxio Shared\10.0\DLLShared\;c:\Program Files (x86)\Common Files\Roxio Shared\DLLShared\;C:\Program Files\TortoiseSVN\bin;C:\Program Files (x86)\Common Files\Adobe\AGL;C:\Program Files (x86)\Calibre2\;C:\Program Files (x86)\QuickTime\QTSystem\;C:\Program Files (x86)\Java\jdk1.6.0_20\bin;C:\Program Files\MySQL\MySQL Server 5.1\bin"/>
    <property name="surefire.test.class.path" value="C:\Users\jpc\workspace\r2r\target\test-classes;C:\Users\jpc\workspace\r2r\target\classes;C:\Users\jpc\.m2\repository\com\hp\hpl\jena\jena\2.6.4\jena-2.6.4.jar;C:\Users\jpc\.m2\repository\com\hp\hpl\jena\iri\0.8\iri-0.8.jar;C:\Users\jpc\.m2\repository\com\ibm\icu\icu4j\3.4.4\icu4j-3.4.4.jar;C:\Users\jpc\.m2\repository\xerces\xercesImpl\2.7.1\xercesImpl-2.7.1.jar;C:\Users\jpc\.m2\repository\org\slf4j\slf4j-api\1.6.1\slf4j-api-1.6.1.jar;C:\Users\jpc\.m2\repository\org\slf4j\slf4j-log4j12\1.6.1\slf4j-log4j12-1.6.1.jar;C:\Users\jpc\.m2\repository\log4j\log4j\1.2.12\log4j-1.2.12.jar;C:\Users\jpc\.m2\repository\com\hp\hpl\jena\arq\2.8.7\arq-2.8.7.jar;C:\Users\jpc\.m2\repository\org\codehaus\woodstox\wstx-asl\3.2.9\wstx-asl-3.2.9.jar;C:\Users\jpc\.m2\repository\stax\stax-api\1.0.1\stax-api-1.0.1.jar;C:\Users\jpc\.m2\repository\org\apache\lucene\lucene-core\2.3.1\lucene-core-2.3.1.jar;C:\Users\jpc\.m2\repository\junit\junit\4.7\junit-4.7.jar;C:\Users\jpc\.m2\repository\es\upm\fi\dia\oeg\integrator\stream-translator\0.0.2\stream-translator-0.0.2.jar;C:\Users\jpc\.m2\repository\org\apache\cayenne\cayenne-nodeps\2.0.4\cayenne-nodeps-2.0.4.jar;C:\Users\jpc\.m2\repository\org\objectstyle\ashwood\ashwood\1.1\ashwood-1.1.jar;C:\Users\jpc\.m2\repository\commons-lang\commons-lang\2.1\commons-lang-2.1.jar;C:\Users\jpc\.m2\repository\commons-collections\commons-collections\3.1\commons-collections-3.1.jar;C:\Users\jpc\.m2\repository\velocity\velocity-dep\1.3.1\velocity-dep-1.3.1.jar;C:\Users\jpc\.m2\repository\commons-logging\commons-logging\1.0.4\commons-logging-1.0.4.jar;C:\Users\jpc\.m2\repository\commons-digester\commons-digester\2.0\commons-digester-2.0.jar;C:\Users\jpc\.m2\repository\commons-beanutils\commons-beanutils\1.8.0\commons-beanutils-1.8.0.jar;C:\Users\jpc\.m2\repository\jakarta-regexp\jakarta-regexp\1.4\jakarta-regexp-1.4.jar;C:\Users\jpc\.m2\repository\es\upm\fi\dia\oeg\sparql\resultbindings\0.0.1\resultbindings-0.0.1.jar;C:\Users\jpc\.m2\repository\uk\ac\manchester\cs\snee\snee-compiler\1.2.4\snee-compiler-1.2.4.jar;C:\Users\jpc\.m2\repository\antlr\antlr\2.7.5\antlr-2.7.5.jar;C:\Users\jpc\.m2\repository\eu\semsorgrid4env\service\sds\sds-wsdl\0.1.1\sds-wsdl-0.1.1.jar;C:\Users\jpc\.m2\repository\org\nfunk\jep\2.4.0\jep-2.4.0.jar;C:\Users\jpc\.m2\repository\org\easymock\easymock\3.0\easymock-3.0.jar;C:\Users\jpc\.m2\repository\cglib\cglib-nodep\2.2\cglib-nodep-2.2.jar;C:\Users\jpc\.m2\repository\org\objenesis\objenesis\1.2\objenesis-1.2.jar;C:\Users\jpc\.m2\repository\mysql\mysql-connector-java\5.1.14\mysql-connector-java-5.1.14.jar;"/>
    <property name="java.specification.name" value="Java Platform API Specification"/>
    <property name="java.class.version" value="50.0"/>
    <property name="sun.management.compiler" value="HotSpot Client Compiler"/>
    <property name="os.version" value="6.1"/>
    <property name="user.home" value="C:\Users\jpc"/>
    <property name="user.timezone" value="Europe/Paris"/>
    <property name="java.awt.printerjob" value="sun.awt.windows.WPrinterJob"/>
    <property name="java.specification.version" value="1.6"/>
    <property name="file.encoding" value="Cp1252"/>
    <property name="user.name" value="jpc"/>
    <property name="java.class.path" value="C:\Users\jpc\workspace\r2r\target\test-classes;C:\Users\jpc\workspace\r2r\target\classes;C:\Users\jpc\.m2\repository\com\hp\hpl\jena\jena\2.6.4\jena-2.6.4.jar;C:\Users\jpc\.m2\repository\com\hp\hpl\jena\iri\0.8\iri-0.8.jar;C:\Users\jpc\.m2\repository\com\ibm\icu\icu4j\3.4.4\icu4j-3.4.4.jar;C:\Users\jpc\.m2\repository\xerces\xercesImpl\2.7.1\xercesImpl-2.7.1.jar;C:\Users\jpc\.m2\repository\org\slf4j\slf4j-api\1.6.1\slf4j-api-1.6.1.jar;C:\Users\jpc\.m2\repository\org\slf4j\slf4j-log4j12\1.6.1\slf4j-log4j12-1.6.1.jar;C:\Users\jpc\.m2\repository\log4j\log4j\1.2.12\log4j-1.2.12.jar;C:\Users\jpc\.m2\repository\com\hp\hpl\jena\arq\2.8.7\arq-2.8.7.jar;C:\Users\jpc\.m2\repository\org\codehaus\woodstox\wstx-asl\3.2.9\wstx-asl-3.2.9.jar;C:\Users\jpc\.m2\repository\stax\stax-api\1.0.1\stax-api-1.0.1.jar;C:\Users\jpc\.m2\repository\org\apache\lucene\lucene-core\2.3.1\lucene-core-2.3.1.jar;C:\Users\jpc\.m2\repository\junit\junit\4.7\junit-4.7.jar;C:\Users\jpc\.m2\repository\es\upm\fi\dia\oeg\integrator\stream-translator\0.0.2\stream-translator-0.0.2.jar;C:\Users\jpc\.m2\repository\org\apache\cayenne\cayenne-nodeps\2.0.4\cayenne-nodeps-2.0.4.jar;C:\Users\jpc\.m2\repository\org\objectstyle\ashwood\ashwood\1.1\ashwood-1.1.jar;C:\Users\jpc\.m2\repository\commons-lang\commons-lang\2.1\commons-lang-2.1.jar;C:\Users\jpc\.m2\repository\commons-collections\commons-collections\3.1\commons-collections-3.1.jar;C:\Users\jpc\.m2\repository\velocity\velocity-dep\1.3.1\velocity-dep-1.3.1.jar;C:\Users\jpc\.m2\repository\commons-logging\commons-logging\1.0.4\commons-logging-1.0.4.jar;C:\Users\jpc\.m2\repository\commons-digester\commons-digester\2.0\commons-digester-2.0.jar;C:\Users\jpc\.m2\repository\commons-beanutils\commons-beanutils\1.8.0\commons-beanutils-1.8.0.jar;C:\Users\jpc\.m2\repository\jakarta-regexp\jakarta-regexp\1.4\jakarta-regexp-1.4.jar;C:\Users\jpc\.m2\repository\es\upm\fi\dia\oeg\sparql\resultbindings\0.0.1\resultbindings-0.0.1.jar;C:\Users\jpc\.m2\repository\uk\ac\manchester\cs\snee\snee-compiler\1.2.4\snee-compiler-1.2.4.jar;C:\Users\jpc\.m2\repository\antlr\antlr\2.7.5\antlr-2.7.5.jar;C:\Users\jpc\.m2\repository\eu\semsorgrid4env\service\sds\sds-wsdl\0.1.1\sds-wsdl-0.1.1.jar;C:\Users\jpc\.m2\repository\org\nfunk\jep\2.4.0\jep-2.4.0.jar;C:\Users\jpc\.m2\repository\org\easymock\easymock\3.0\easymock-3.0.jar;C:\Users\jpc\.m2\repository\cglib\cglib-nodep\2.2\cglib-nodep-2.2.jar;C:\Users\jpc\.m2\repository\org\objenesis\objenesis\1.2\objenesis-1.2.jar;C:\Users\jpc\.m2\repository\mysql\mysql-connector-java\5.1.14\mysql-connector-java-5.1.14.jar;"/>
    <property name="java.vm.specification.version" value="1.0"/>
    <property name="sun.arch.data.model" value="32"/>
    <property name="java.home" value="C:\Program Files (x86)\Java\jdk1.6.0_20\jre"/>
    <property name="java.specification.vendor" value="Sun Microsystems Inc."/>
    <property name="user.language" value="fr"/>
    <property name="awt.toolkit" value="sun.awt.windows.WToolkit"/>
    <property name="java.vm.info" value="mixed mode, sharing"/>
    <property name="java.version" value="1.6.0_20"/>
    <property name="java.ext.dirs" value="C:\Program Files (x86)\Java\jdk1.6.0_20\jre\lib\ext;C:\Windows\Sun\Java\lib\ext"/>
    <property name="sun.boot.class.path" value="C:\Program Files (x86)\Java\jdk1.6.0_20\jre\lib\resources.jar;C:\Program Files (x86)\Java\jdk1.6.0_20\jre\lib\rt.jar;C:\Program Files (x86)\Java\jdk1.6.0_20\jre\lib\sunrsasign.jar;C:\Program Files (x86)\Java\jdk1.6.0_20\jre\lib\jsse.jar;C:\Program Files (x86)\Java\jdk1.6.0_20\jre\lib\jce.jar;C:\Program Files (x86)\Java\jdk1.6.0_20\jre\lib\charsets.jar;C:\Program Files (x86)\Java\jdk1.6.0_20\jre\classes"/>
    <property name="java.vendor" value="Sun Microsystems Inc."/>
    <property name="localRepository" value="C:\Users\jpc\.m2\repository"/>
    <property name="file.separator" value="\"/>
    <property name="java.vendor.url.bug" value="http://java.sun.com/cgi-bin/bugreport.cgi"/>
    <property name="sun.cpu.endian" value="little"/>
    <property name="sun.io.unicode.encoding" value="UnicodeLittle"/>
    <property name="sun.desktop" value="windows"/>
    <property name="sun.cpu.isalist" value="pentium_pro+mmx pentium_pro pentium+mmx pentium i486 i386 i86"/>
  </properties>
  <testcase time="0" classname="es.upm.fi.dia.oeg.r2r.test.R2RProcessorTest" name="testConfigure">
    <error message="es.upm.fi.dia.oeg.morph.relational.test.MockRelationalModel cannot be cast to es.upm.fi.dia.oeg.r2r.RelationalModel" type="java.lang.ClassCastException">java.lang.ClassCastException: es.upm.fi.dia.oeg.morph.relational.test.MockRelationalModel cannot be cast to es.upm.fi.dia.oeg.r2r.RelationalModel
	at es.upm.fi.dia.oeg.r2r.R2RProcessor.configure(R2RProcessor.java:61)
	at es.upm.fi.dia.oeg.r2r.test.R2RProcessorTest.testConfigure(R2RProcessorTest.java:43)
	at sun.reflect.NativeMethodAccessorImpl.invoke0(Native Method)
	at sun.reflect.NativeMethodAccessorImpl.invoke(NativeMethodAccessorImpl.java:39)
	at sun.reflect.DelegatingMethodAccessorImpl.invoke(DelegatingMethodAccessorImpl.java:25)
	at java.lang.reflect.Method.invoke(Method.java:597)
	at org.junit.runners.model.FrameworkMethod$1.runReflectiveCall(FrameworkMethod.java:44)
	at org.junit.internal.runners.model.ReflectiveCallable.run(ReflectiveCallable.java:15)
	at org.junit.runners.model.FrameworkMethod.invokeExplosively(FrameworkMethod.java:41)
	at org.junit.internal.runners.statements.InvokeMethod.evaluate(InvokeMethod.java:20)
	at org.junit.runners.BlockJUnit4ClassRunner.runChild(BlockJUnit4ClassRunner.java:76)
	at org.junit.runners.BlockJUnit4ClassRunner.runChild(BlockJUnit4ClassRunner.java:50)
	at org.junit.runners.ParentRunner$3.run(ParentRunner.java:193)
	at org.junit.runners.ParentRunner$1.schedule(ParentRunner.java:52)
	at org.junit.runners.ParentRunner.runChildren(ParentRunner.java:191)
	at org.junit.runners.ParentRunner.access$000(ParentRunner.java:42)
	at org.junit.runners.ParentRunner$2.evaluate(ParentRunner.java:184)
	at org.junit.internal.runners.statements.RunBefores.evaluate(RunBefores.java:28)
	at org.junit.runners.ParentRunner.run(ParentRunner.java:236)
	at org.apache.maven.surefire.junit4.JUnit4TestSet.execute(JUnit4TestSet.java:62)
	at org.apache.maven.surefire.suite.AbstractDirectoryTestSuite.executeTestSet(AbstractDirectoryTestSuite.java:140)
	at org.apache.maven.surefire.suite.AbstractDirectoryTestSuite.execute(AbstractDirectoryTestSuite.java:127)
	at org.apache.maven.surefire.Surefire.run(Surefire.java:177)
	at sun.reflect.NativeMethodAccessorImpl.invoke0(Native Method)
	at sun.reflect.NativeMethodAccessorImpl.invoke(NativeMethodAccessorImpl.java:39)
	at sun.reflect.DelegatingMethodAccessorImpl.invoke(DelegatingMethodAccessorImpl.java:25)
	at java.lang.reflect.Method.invoke(Method.java:597)
	at org.apache.maven.surefire.booter.SurefireBooter.runSuitesInProcess(SurefireBooter.java:345)
	at org.apache.maven.surefire.booter.SurefireBooter.main(SurefireBooter.java:1009)
</error>
  </testcase>
  <testcase time="0" classname="es.upm.fi.dia.oeg.r2r.test.R2RProcessorTest" name="testGenerateEx1">
    <error message="es.upm.fi.dia.oeg.morph.relational.test.MockRelationalModel cannot be cast to es.upm.fi.dia.oeg.r2r.RelationalModel" type="java.lang.ClassCastException">java.lang.ClassCastException: es.upm.fi.dia.oeg.morph.relational.test.MockRelationalModel cannot be cast to es.upm.fi.dia.oeg.r2r.RelationalModel
	at es.upm.fi.dia.oeg.r2r.R2RProcessor.configure(R2RProcessor.java:61)
	at es.upm.fi.dia.oeg.r2r.test.R2RProcessorTest.testGenerateEx1(R2RProcessorTest.java:50)
	at sun.reflect.NativeMethodAccessorImpl.invoke0(Native Method)
	at sun.reflect.NativeMethodAccessorImpl.invoke(NativeMethodAccessorImpl.java:39)
	at sun.reflect.DelegatingMethodAccessorImpl.invoke(DelegatingMethodAccessorImpl.java:25)
	at java.lang.reflect.Method.invoke(Method.java:597)
	at org.junit.runners.model.FrameworkMethod$1.runReflectiveCall(FrameworkMethod.java:44)
	at org.junit.internal.runners.model.ReflectiveCallable.run(ReflectiveCallable.java:15)
	at org.junit.runners.model.FrameworkMethod.invokeExplosively(FrameworkMethod.java:41)
	at org.junit.internal.runners.statements.InvokeMethod.evaluate(InvokeMethod.java:20)
	at org.junit.runners.BlockJUnit4ClassRunner.runChild(BlockJUnit4ClassRunner.java:76)
	at org.junit.runners.BlockJUnit4ClassRunner.runChild(BlockJUnit4ClassRunner.java:50)
	at org.junit.runners.ParentRunner$3.run(ParentRunner.java:193)
	at org.junit.runners.ParentRunner$1.schedule(ParentRunner.java:52)
	at org.junit.runners.ParentRunner.runChildren(ParentRunner.java:191)
	at org.junit.runners.ParentRunner.access$000(ParentRunner.java:42)
	at org.junit.runners.ParentRunner$2.evaluate(ParentRunner.java:184)
	at org.junit.internal.runners.statements.RunBefores.evaluate(RunBefores.java:28)
	at org.junit.runners.ParentRunner.run(ParentRunner.java:236)
	at org.apache.maven.surefire.junit4.JUnit4TestSet.execute(JUnit4TestSet.java:62)
	at org.apache.maven.surefire.suite.AbstractDirectoryTestSuite.executeTestSet(AbstractDirectoryTestSuite.java:140)
	at org.apache.maven.surefire.suite.AbstractDirectoryTestSuite.execute(AbstractDirectoryTestSuite.java:127)
	at org.apache.maven.surefire.Surefire.run(Surefire.java:177)
	at sun.reflect.NativeMethodAccessorImpl.invoke0(Native Method)
	at sun.reflect.NativeMethodAccessorImpl.invoke(NativeMethodAccessorImpl.java:39)
	at sun.reflect.DelegatingMethodAccessorImpl.invoke(DelegatingMethodAccessorImpl.java:25)
	at java.lang.reflect.Method.invoke(Method.java:597)
	at org.apache.maven.surefire.booter.SurefireBooter.runSuitesInProcess(SurefireBooter.java:345)
	at org.apache.maven.surefire.booter.SurefireBooter.main(SurefireBooter.java:1009)
</error>
  </testcase>
  <testcase time="0" classname="es.upm.fi.dia.oeg.r2r.test.R2RProcessorTest" name="testGenerateEx2">
    <error message="es.upm.fi.dia.oeg.morph.relational.test.MockRelationalModel cannot be cast to es.upm.fi.dia.oeg.r2r.RelationalModel" type="java.lang.ClassCastException">java.lang.ClassCastException: es.upm.fi.dia.oeg.morph.relational.test.MockRelationalModel cannot be cast to es.upm.fi.dia.oeg.r2r.RelationalModel
	at es.upm.fi.dia.oeg.r2r.R2RProcessor.configure(R2RProcessor.java:61)
	at es.upm.fi.dia.oeg.r2r.test.R2RProcessorTest.testGenerateEx2(R2RProcessorTest.java:58)
	at sun.reflect.NativeMethodAccessorImpl.invoke0(Native Method)
	at sun.reflect.NativeMethodAccessorImpl.invoke(NativeMethodAccessorImpl.java:39)
	at sun.reflect.DelegatingMethodAccessorImpl.invoke(DelegatingMethodAccessorImpl.java:25)
	at java.lang.reflect.Method.invoke(Method.java:597)
	at org.junit.runners.model.FrameworkMethod$1.runReflectiveCall(FrameworkMethod.java:44)
	at org.junit.internal.runners.model.ReflectiveCallable.run(ReflectiveCallable.java:15)
	at org.junit.runners.model.FrameworkMethod.invokeExplosively(FrameworkMethod.java:41)
	at org.junit.internal.runners.statements.InvokeMethod.evaluate(InvokeMethod.java:20)
	at org.junit.runners.BlockJUnit4ClassRunner.runChild(BlockJUnit4ClassRunner.java:76)
	at org.junit.runners.BlockJUnit4ClassRunner.runChild(BlockJUnit4ClassRunner.java:50)
	at org.junit.runners.ParentRunner$3.run(ParentRunner.java:193)
	at org.junit.runners.ParentRunner$1.schedule(ParentRunner.java:52)
	at org.junit.runners.ParentRunner.runChildren(ParentRunner.java:191)
	at org.junit.runners.ParentRunner.access$000(ParentRunner.java:42)
	at org.junit.runners.ParentRunner$2.evaluate(ParentRunner.java:184)
	at org.junit.internal.runners.statements.RunBefores.evaluate(RunBefores.java:28)
	at org.junit.runners.ParentRunner.run(ParentRunner.java:236)
	at org.apache.maven.surefire.junit4.JUnit4TestSet.execute(JUnit4TestSet.java:62)
	at org.apache.maven.surefire.suite.AbstractDirectoryTestSuite.executeTestSet(AbstractDirectoryTestSuite.java:140)
	at org.apache.maven.surefire.suite.AbstractDirectoryTestSuite.execute(AbstractDirectoryTestSuite.java:127)
	at org.apache.maven.surefire.Surefire.run(Surefire.java:177)
	at sun.reflect.NativeMethodAccessorImpl.invoke0(Native Method)
	at sun.reflect.NativeMethodAccessorImpl.invoke(NativeMethodAccessorImpl.java:39)
	at sun.reflect.DelegatingMethodAccessorImpl.invoke(DelegatingMethodAccessorImpl.java:25)
	at java.lang.reflect.Method.invoke(Method.java:597)
	at org.apache.maven.surefire.booter.SurefireBooter.runSuitesInProcess(SurefireBooter.java:345)
	at org.apache.maven.surefire.booter.SurefireBooter.main(SurefireBooter.java:1009)
</error>
  </testcase>
  <testcase time="0" classname="es.upm.fi.dia.oeg.r2r.test.R2RProcessorTest" name="testGenerateEx3">
    <error message="es.upm.fi.dia.oeg.morph.relational.test.MockRelationalModel cannot be cast to es.upm.fi.dia.oeg.r2r.RelationalModel" type="java.lang.ClassCastException">java.lang.ClassCastException: es.upm.fi.dia.oeg.morph.relational.test.MockRelationalModel cannot be cast to es.upm.fi.dia.oeg.r2r.RelationalModel
	at es.upm.fi.dia.oeg.r2r.R2RProcessor.configure(R2RProcessor.java:61)
	at es.upm.fi.dia.oeg.r2r.test.R2RProcessorTest.testGenerateEx3(R2RProcessorTest.java:66)
	at sun.reflect.NativeMethodAccessorImpl.invoke0(Native Method)
	at sun.reflect.NativeMethodAccessorImpl.invoke(NativeMethodAccessorImpl.java:39)
	at sun.reflect.DelegatingMethodAccessorImpl.invoke(DelegatingMethodAccessorImpl.java:25)
	at java.lang.reflect.Method.invoke(Method.java:597)
	at org.junit.runners.model.FrameworkMethod$1.runReflectiveCall(FrameworkMethod.java:44)
	at org.junit.internal.runners.model.ReflectiveCallable.run(ReflectiveCallable.java:15)
	at org.junit.runners.model.FrameworkMethod.invokeExplosively(FrameworkMethod.java:41)
	at org.junit.internal.runners.statements.InvokeMethod.evaluate(InvokeMethod.java:20)
	at org.junit.runners.BlockJUnit4ClassRunner.runChild(BlockJUnit4ClassRunner.java:76)
	at org.junit.runners.BlockJUnit4ClassRunner.runChild(BlockJUnit4ClassRunner.java:50)
	at org.junit.runners.ParentRunner$3.run(ParentRunner.java:193)
	at org.junit.runners.ParentRunner$1.schedule(ParentRunner.java:52)
	at org.junit.runners.ParentRunner.runChildren(ParentRunner.java:191)
	at org.junit.runners.ParentRunner.access$000(ParentRunner.java:42)
	at org.junit.runners.ParentRunner$2.evaluate(ParentRunner.java:184)
	at org.junit.internal.runners.statements.RunBefores.evaluate(RunBefores.java:28)
	at org.junit.runners.ParentRunner.run(ParentRunner.java:236)
	at org.apache.maven.surefire.junit4.JUnit4TestSet.execute(JUnit4TestSet.java:62)
	at org.apache.maven.surefire.suite.AbstractDirectoryTestSuite.executeTestSet(AbstractDirectoryTestSuite.java:140)
	at org.apache.maven.surefire.suite.AbstractDirectoryTestSuite.execute(AbstractDirectoryTestSuite.java:127)
	at org.apache.maven.surefire.Surefire.run(Surefire.java:177)
	at sun.reflect.NativeMethodAccessorImpl.invoke0(Native Method)
	at sun.reflect.NativeMethodAccessorImpl.invoke(NativeMethodAccessorImpl.java:39)
	at sun.reflect.DelegatingMethodAccessorImpl.invoke(DelegatingMethodAccessorImpl.java:25)
	at java.lang.reflect.Method.invoke(Method.java:597)
	at org.apache.maven.surefire.booter.SurefireBooter.runSuitesInProcess(SurefireBooter.java:345)
	at org.apache.maven.surefire.booter.SurefireBooter.main(SurefireBooter.java:1009)
</error>
  </testcase>
  <testcase time="0" classname="es.upm.fi.dia.oeg.r2r.test.R2RProcessorTest" name="testGenerateEx4">
    <error message="es.upm.fi.dia.oeg.morph.relational.test.MockRelationalModel cannot be cast to es.upm.fi.dia.oeg.r2r.RelationalModel" type="java.lang.ClassCastException">java.lang.ClassCastException: es.upm.fi.dia.oeg.morph.relational.test.MockRelationalModel cannot be cast to es.upm.fi.dia.oeg.r2r.RelationalModel
	at es.upm.fi.dia.oeg.r2r.R2RProcessor.configure(R2RProcessor.java:61)
	at es.upm.fi.dia.oeg.r2r.test.R2RProcessorTest.testGenerateEx4(R2RProcessorTest.java:74)
	at sun.reflect.NativeMethodAccessorImpl.invoke0(Native Method)
	at sun.reflect.NativeMethodAccessorImpl.invoke(NativeMethodAccessorImpl.java:39)
	at sun.reflect.DelegatingMethodAccessorImpl.invoke(DelegatingMethodAccessorImpl.java:25)
	at java.lang.reflect.Method.invoke(Method.java:597)
	at org.junit.runners.model.FrameworkMethod$1.runReflectiveCall(FrameworkMethod.java:44)
	at org.junit.internal.runners.model.ReflectiveCallable.run(ReflectiveCallable.java:15)
	at org.junit.runners.model.FrameworkMethod.invokeExplosively(FrameworkMethod.java:41)
	at org.junit.internal.runners.statements.InvokeMethod.evaluate(InvokeMethod.java:20)
	at org.junit.runners.BlockJUnit4ClassRunner.runChild(BlockJUnit4ClassRunner.java:76)
	at org.junit.runners.BlockJUnit4ClassRunner.runChild(BlockJUnit4ClassRunner.java:50)
	at org.junit.runners.ParentRunner$3.run(ParentRunner.java:193)
	at org.junit.runners.ParentRunner$1.schedule(ParentRunner.java:52)
	at org.junit.runners.ParentRunner.runChildren(ParentRunner.java:191)
	at org.junit.runners.ParentRunner.access$000(ParentRunner.java:42)
	at org.junit.runners.ParentRunner$2.evaluate(ParentRunner.java:184)
	at org.junit.internal.runners.statements.RunBefores.evaluate(RunBefores.java:28)
	at org.junit.runners.ParentRunner.run(ParentRunner.java:236)
	at org.apache.maven.surefire.junit4.JUnit4TestSet.execute(JUnit4TestSet.java:62)
	at org.apache.maven.surefire.suite.AbstractDirectoryTestSuite.executeTestSet(AbstractDirectoryTestSuite.java:140)
	at org.apache.maven.surefire.suite.AbstractDirectoryTestSuite.execute(AbstractDirectoryTestSuite.java:127)
	at org.apache.maven.surefire.Surefire.run(Surefire.java:177)
	at sun.reflect.NativeMethodAccessorImpl.invoke0(Native Method)
	at sun.reflect.NativeMethodAccessorImpl.invoke(NativeMethodAccessorImpl.java:39)
	at sun.reflect.DelegatingMethodAccessorImpl.invoke(DelegatingMethodAccessorImpl.java:25)
	at java.lang.reflect.Method.invoke(Method.java:597)
	at org.apache.maven.surefire.booter.SurefireBooter.runSuitesInProcess(SurefireBooter.java:345)
	at org.apache.maven.surefire.booter.SurefireBooter.main(SurefireBooter.java:1009)
</error>
  </testcase>
</testsuite>